<?xml version="1.0" encoding="UTF-8"?>
<!-- Generated by org.testng.reporters.JUnitReportReporter -->
<testsuite hostname="dc90d67c6595545" failures="0" tests="2" name="seleniumWithJava.SeleniumTask" time="22.370" errors="0" timestamp="2023-11-03T00:18:12 IST" skipped="0">
  <testcase classname="seleniumWithJava.SeleniumTask" name="bverifyMakemyTrip" time="13.935"/>
  <system-out/>
  <testcase classname="seleniumWithJava.SeleniumTask" name="averifyMakemyTripLogo" time="8.435"/>
  <system-out/>
</testsuite> <!-- seleniumWithJava.SeleniumTask -->
